Using pre-set license
Built from '2021.1/staging' branch; Version is '2021.1.5f1 (3737af19df53) revision 3618735'; Using compiler version '192528614'; Build Type 'Release'
OS: 'Windows 10 Pro; OS build 19042.928; Version 2009; 64bit' Language: 'es' Physical Memory: 4002 MB
BatchMode: 1, IsHumanControllingUs: 0, StartBugReporterOnCrash: 0, Is64bit: 1, IsPro: 0

 COMMAND LINE ARGUMENTS:
C:\Program Files\Unity\Hub\Editor\2021.1.5f1\Editor\Unity.exe
-adb2
-batchMode
-noUpm
-name
AssetImportWorker0
-projectPath
C:/Users/Admin/Desktop/Videojuego/Unity Hub/Edskiller Guitar
-logFile
Logs/AssetImportWorker0.log
-srvPort
62960
Successfully changed project path to: C:/Users/Admin/Desktop/Videojuego/Unity Hub/Edskiller Guitar
C:/Users/Admin/Desktop/Videojuego/Unity Hub/Edskiller Guitar
Using Asset Import Pipeline V2.
Refreshing native plugins compatible for Editor in 98.85 ms, found 1 plugins.
Preloading 0 native plugins for Editor in 0.00 ms.
Initialize engine version: 2021.1.5f1 (3737af19df53)
[Subsystems] Discovering subsystems at path C:/Program Files/Unity/Hub/Editor/2021.1.5f1/Editor/Data/Resources/UnitySubsystems
[Subsystems] Discovering subsystems at path C:/Users/Admin/Desktop/Videojuego/Unity Hub/Edskiller Guitar/Assets
GfxDevice: creating device client; threaded=0; jobified=0
Direct3D:
    Version:  Direct3D 11.0 [level 10.1]
    Renderer: Intel(R) HD Graphics 3000 (ID=0x116)
    Vendor:   Intel
    VRAM:     128 MB
    Driver:   9.17.10.4459
Initialize mono
Mono path[0] = 'C:/Program Files/Unity/Hub/Editor/2021.1.5f1/Editor/Data/Managed'
Mono path[1] = 'C:/Program Files/Unity/Hub/Editor/2021.1.5f1/Editor/Data/MonoBleedingEdge/lib/mono/unityjit'
Mono config path = 'C:/Program Files/Unity/Hub/Editor/2021.1.5f1/Editor/Data/MonoBleedingEdge/etc'
Using monoOptions --debugger-agent=transport=dt_socket,embedding=1,server=y,suspend=n,address=127.0.0.1:56132
Begin MonoManager ReloadAssembly
Registering precompiled unity dll's ...
Register platform support module: C:/Program Files/Unity/Hub/Editor/2021.1.5f1/Editor/Data/PlaybackEngines/WindowsStandaloneSupport/UnityEditor.WindowsStandalone.Extensions.dll
Registered in 0.003282 seconds.
Native extension for WindowsStandalone target not found
Refreshing native plugins compatible for Editor in 74.56 ms, found 1 plugins.
Preloading 0 native plugins for Editor in 0.00 ms.
Mono: successfully reloaded assembly
- Completed reload, in  2.162 seconds
Platform modules already initialized, skipping
Registering precompiled user dll's ...
Registered in 0.001721 seconds.
Begin MonoManager ReloadAssembly
Native extension for WindowsStandalone target not found
Refreshing native plugins compatible for Editor in 81.12 ms, found 1 plugins.
Preloading 0 native plugins for Editor in 0.00 ms.
Mono: successfully reloaded assembly
- Completed reload, in  1.850 seconds
Platform modules already initialized, skipping
========================================================================
Worker process is ready to serve import requests
Launched and connected shader compiler UnityShaderCompiler.exe after 1.05 seconds
Refreshing native plugins compatible for Editor in 0.64 ms, found 1 plugins.
Preloading 0 native plugins for Editor in 0.00 ms.
Unloading 2134 Unused Serialized files (Serialized files now loaded: 0)
System memory in use before: 98.6 MB.
System memory in use after: 98.6 MB.

Unloading 26 unused Assets to reduce memory usage. Loaded Objects now: 2598.
Total: 3.454800 ms (FindLiveObjects: 0.211800 ms CreateObjectMapping: 0.112000 ms MarkObjects: 2.948700 ms  DeleteObjects: 0.180300 ms)

========================================================================
Received Import Request.
  path: Assets/Scenes/Scripts/3
  artifactKey: Guid(a1e43fb29d34f2c43bb62c5aeea7b79c) Importer(815301076,1909f56bfc062723c751e8b465ee728b)
Start importing Assets/Scenes/Scripts/3 using Guid(a1e43fb29d34f2c43bb62c5aeea7b79c) Importer(815301076,1909f56bfc062723c751e8b465ee728b)  -> (artifact id: '57457fbc7ab8ff399fbc844abdd27af8') in 0.237450 seconds 
========================================================================
Received Import Request.
  Time since last request: 7.658074 seconds.
  path: Assets/Scenes/Scripts/FInalCre.cs
  artifactKey: Guid(ef8f7802e2827d649a61231eacce8e1d) Importer(815301076,1909f56bfc062723c751e8b465ee728b)
Start importing Assets/Scenes/Scripts/FInalCre.cs using Guid(ef8f7802e2827d649a61231eacce8e1d) Importer(815301076,1909f56bfc062723c751e8b465ee728b)  -> (artifact id: '09060e71629603797098a11f953a2903') in 0.158317 seconds 
